<?xml version="1.0" encoding="UTF-8"?>
<!-- Generated by org.testng.reporters.JUnitReportReporter -->
<testsuite hostname="GauravAhuja" failures="0" tests="2" name="TestPackage.LoginPage" time="57.976" errors="0" timestamp="2023-07-02T01:33:49 IST" skipped="1">
  <testcase classname="TestPackage.LoginPage" name="orangeUrl" time="57.976"/>
  <system-out/>
  <testcase classname="TestPackage.LoginPage" name="loginDataprovider" time="0.000">
    <skipped/>
  </testcase> <!-- loginDataprovider -->
  <system-out/>
</testsuite> <!-- TestPackage.LoginPage -->
