<?xml version="1.0" encoding="UTF-8"?>
<!-- Generated by org.testng.reporters.JUnitReportReporter -->
<testsuite hostname="GauravAhuja" failures="0" tests="4" name="TestPackage.LoginPage" time="31.788" errors="0" timestamp="2023-07-02T08:59:34 IST" skipped="0">
  <testcase classname="TestPackage.LoginPage" name="orangeUrl" time="23.519"/>
  <system-out/>
  <testcase classname="TestPackage.LoginPage" name="loginDataprovider" time="2.505"/>
  <system-out/>
  <testcase classname="TestPackage.LoginPage" name="loginDataprovider" time="3.164"/>
  <system-out/>
  <testcase classname="TestPackage.LoginPage" name="loginDataprovider" time="2.600"/>
  <system-out/>
</testsuite> <!-- TestPackage.LoginPage -->
